<?xml version="1.0" encoding="UTF-8"?>
<coverage generated="1618037029338" clover="3.2.0">
  <project timestamp="1618037029338" name="All files">
    <metrics statements="9" coveredstatements="9" conditionals="4" coveredconditionals="4" methods="1" coveredmethods="1" elements="14" coveredelements="14" complexity="0" loc="9" ncloc="9" packages="1" files="1" classes="1"/>
    <file name="sum.js" path="/Users/jessicabommer/General_Assembly/MoviesFullStackApp-v2/js-test-fundamentals/sum.js">
      <metrics statements="9" coveredstatements="9" conditionals="4" coveredconditionals="4" methods="1" coveredmethods="1"/>
      <line num="1" count="1" type="stmt"/>
      <line num="2" count="4" type="stmt"/>
      <line num="3" count="4" type="stmt"/>
      <line num="5" count="4" type="cond" truecount="2" falsecount="0"/>
      <line num="6" count="1" type="stmt"/>
      <line num="9" count="3" type="cond" truecount="2" falsecount="0"/>
      <line num="10" count="1" type="stmt"/>
      <line num="13" count="2" type="stmt"/>
      <line num="16" count="1" type="stmt"/>
    </file>
  </project>
</coverage>
